<?xml version="1.0" encoding="UTF-8"?>
<testsuite name="fa.ctrl.alt.elite.UmlClassTest" tests="6" skipped="0" failures="0" errors="0" timestamp="2024-09-22T05:55:19" hostname="JORDANS-DESKTOP" time="0.009">
  <properties/>
  <testcase name="testRenameAttribute()" classname="fa.ctrl.alt.elite.UmlClassTest" time="0.001"/>
  <testcase name="testToString()" classname="fa.ctrl.alt.elite.UmlClassTest" time="0.005"/>
  <testcase name="testGetName()" classname="fa.ctrl.alt.elite.UmlClassTest" time="0.0"/>
  <testcase name="testDeleteAttribute()" classname="fa.ctrl.alt.elite.UmlClassTest" time="0.0"/>
  <testcase name="testAddAttribute()" classname="fa.ctrl.alt.elite.UmlClassTest" time="0.001"/>
  <testcase name="testSetName()" classname="fa.ctrl.alt.elite.UmlClassTest" time="0.0"/>
  <system-out><![CDATA[]]></system-out>
  <system-err><![CDATA[]]></system-err>
</testsuite>
