<?xml version="1.0" encoding="UTF-8"?>
<testsuite name="fa.ctrl.alt.elite.JsonUtilsTest" tests="5" skipped="0" failures="0" errors="0" timestamp="2024-09-22T05:55:18" hostname="JORDANS-DESKTOP" time="0.067">
  <properties/>
  <testcase name="testSaveNullEditor()" classname="fa.ctrl.alt.elite.JsonUtilsTest" time="0.034"/>
  <testcase name="testSaveAndLoad()" classname="fa.ctrl.alt.elite.JsonUtilsTest" time="0.022"/>
  <testcase name="testLoadInvalidJson()" classname="fa.ctrl.alt.elite.JsonUtilsTest" time="0.004"/>
  <testcase name="testLoadNonExistentFile()" classname="fa.ctrl.alt.elite.JsonUtilsTest" time="0.002"/>
  <testcase name="testSaveEmptyEditor()" classname="fa.ctrl.alt.elite.JsonUtilsTest" time="0.003"/>
  <system-out><![CDATA[]]></system-out>
  <system-err><![CDATA[]]></system-err>
</testsuite>
