<?xml version="1.0" encoding="UTF-8"?>
<testsuite name="fa.ctrl.alt.elite.UmlEditorTest" tests="21" skipped="0" failures="0" errors="0" timestamp="2024-09-22T05:55:19" hostname="JORDANS-DESKTOP" time="0.021">
  <properties/>
  <testcase name="testCaseSensitivityInClassNames()" classname="fa.ctrl.alt.elite.UmlEditorTest" time="0.0"/>
  <testcase name="testDeleteClass()" classname="fa.ctrl.alt.elite.UmlEditorTest" time="0.001"/>
  <testcase name="testRenameAttribute()" classname="fa.ctrl.alt.elite.UmlEditorTest" time="0.001"/>
  <testcase name="testRenameClass()" classname="fa.ctrl.alt.elite.UmlEditorTest" time="0.001"/>
  <testcase name="testRenameClassToEmptyString()" classname="fa.ctrl.alt.elite.UmlEditorTest" time="0.0"/>
  <testcase name="testListClass()" classname="fa.ctrl.alt.elite.UmlEditorTest" time="0.003"/>
  <testcase name="testAddClass()" classname="fa.ctrl.alt.elite.UmlEditorTest" time="0.0"/>
  <testcase name="testAddRelationshipNonExistentClasses()" classname="fa.ctrl.alt.elite.UmlEditorTest" time="0.0"/>
  <testcase name="testListRelationships()" classname="fa.ctrl.alt.elite.UmlEditorTest" time="0.0"/>
  <testcase name="testAddNullClassName()" classname="fa.ctrl.alt.elite.UmlEditorTest" time="0.0"/>
  <testcase name="testListClasses()" classname="fa.ctrl.alt.elite.UmlEditorTest" time="0.001"/>
  <testcase name="testDeleteAttribute()" classname="fa.ctrl.alt.elite.UmlEditorTest" time="0.001"/>
  <testcase name="testDeleteNonExistentAttribute()" classname="fa.ctrl.alt.elite.UmlEditorTest" time="0.0"/>
  <testcase name="testDeleteRelationshipNonExistentClasses()" classname="fa.ctrl.alt.elite.UmlEditorTest" time="0.0"/>
  <testcase name="testAddAttribute()" classname="fa.ctrl.alt.elite.UmlEditorTest" time="0.0"/>
  <testcase name="testDeleteRelationship()" classname="fa.ctrl.alt.elite.UmlEditorTest" time="0.001"/>
  <testcase name="testAddRelationshipBetweenSameClass()" classname="fa.ctrl.alt.elite.UmlEditorTest" time="0.0"/>
  <testcase name="testAddRelationship()" classname="fa.ctrl.alt.elite.UmlEditorTest" time="0.0"/>
  <testcase name="testRenameClassToNull()" classname="fa.ctrl.alt.elite.UmlEditorTest" time="0.0"/>
  <testcase name="testAddDuplicateAttribute()" classname="fa.ctrl.alt.elite.UmlEditorTest" time="0.001"/>
  <testcase name="testAddEmptyClassName()" classname="fa.ctrl.alt.elite.UmlEditorTest" time="0.001"/>
  <system-out><![CDATA[Class: ClassA
Attributes: []
Class 'ClassB' does not exist.
Relationship from 'ClassA' to 'ClassB'
Class: ClassA
Attributes: []
Class: ClassB
Attributes: []
]]></system-out>
  <system-err><![CDATA[]]></system-err>
</testsuite>
